<?xml version="1.0" encoding="UTF-8"?>
<testng-results ignored="0" total="1" passed="1" failed="0" skipped="0">
  <reporter-output>
  </reporter-output>
  <suite started-at="2025-03-12T14:56:04 IST" name="Default suite" finished-at="2025-03-12T14:56:42 IST" duration-ms="38048">
    <groups>
    </groups>
    <test started-at="2025-03-12T14:56:04 IST" name="Default test" finished-at="2025-03-12T14:56:42 IST" duration-ms="38048">
      <class name="testcases.Register">
        <test-method signature="verifyRegister()[pri:0, instance:testcases.Register@35e2d654]" started-at="2025-03-12T14:56:04 IST" name="verifyRegister" finished-at="2025-03-12T14:56:42 IST" duration-ms="37917" status="PASS">
          <reporter-output>
          </reporter-output>
        </test-method> <!-- verifyRegister -->
      </class> <!-- testcases.Register -->
    </test> <!-- Default test -->
  </suite> <!-- Default suite -->
</testng-results>
